2019-08-15 11:47:29:610  [TID       4920][INFO    ] Default Logger initialized [dmvcframework]
2019-08-15 11:47:29:615  [TID       4920][INFO    ] Server started on port 8080 [dmvcframework]
2019-08-15 11:48:34:964  [TID       6724][INFO    ] Default Logger initialized [dmvcframework]
2019-08-15 11:48:34:965  [TID       6724][INFO    ] Server started on port 8080 [dmvcframework]
2019-08-15 11:48:46:156  [TID       7624][INFO    ] ENTER: Config default values [dmvcframework]
2019-08-15 11:48:46:156  [TID       7624][INFO    ] EXIT: Config default values [dmvcframework]
2019-08-15 11:48:46:156  [TID       7624][INFO    ] >> Custom configuration method [dmvcframework]
2019-08-15 11:48:46:156  [TID       7624][INFO    ] << Custom configuration method [dmvcframework]
2019-08-15 11:48:46:156  [TID       7624][INFO    ] ENTER: LoadSystemControllers [dmvcframework]
2019-08-15 11:48:46:156  [TID       7624][INFO    ] EXIT: LoadSystemControllers [dmvcframework]
2019-08-15 11:48:46:240  [TID       7624][INFO    ] GET:/GETpedido/1 -> PizzariaBackendController.TPizzariaController - 200 OK [dmvcframework]
2019-08-15 11:48:50:613  [TID       4496][INFO    ] GET:/GETpedido/1 -> PizzariaBackendController.TPizzariaController - 200 OK [dmvcframework]
2019-08-15 12:15:09:531  [TID       2516][INFO    ] Default Logger initialized [dmvcframework]
2019-08-15 12:15:09:531  [TID       2516][INFO    ] Server started on port 8080 [dmvcframework]
2019-08-15 12:15:14:277  [TID       3204][INFO    ] ENTER: Config default values [dmvcframework]
2019-08-15 12:15:14:277  [TID       3204][INFO    ] EXIT: Config default values [dmvcframework]
2019-08-15 12:15:14:277  [TID       3204][INFO    ] >> Custom configuration method [dmvcframework]
2019-08-15 12:15:14:277  [TID       3204][INFO    ] << Custom configuration method [dmvcframework]
2019-08-15 12:15:14:279  [TID       3204][INFO    ] ENTER: LoadSystemControllers [dmvcframework]
2019-08-15 12:15:14:280  [TID       3204][INFO    ] EXIT: LoadSystemControllers [dmvcframework]
2019-08-15 12:15:14:338  [TID       3204][INFO    ] GET:/GETpedido/1 -> PizzariaBackendController.TPizzariaController - 200 OK [dmvcframework]
2019-08-15 12:15:16:270  [TID       7764][INFO    ] GET:/GETpedido/1 -> PizzariaBackendController.TPizzariaController - 200 OK [dmvcframework]
2019-08-15 12:15:16:773  [TID       1560][INFO    ] GET:/GETpedido/1 -> PizzariaBackendController.TPizzariaController - 200 OK [dmvcframework]
2019-08-15 12:15:16:933  [TID       2708][INFO    ] GET:/GETpedido/1 -> PizzariaBackendController.TPizzariaController - 200 OK [dmvcframework]
2019-08-15 12:15:17:093  [TID       7500][INFO    ] GET:/GETpedido/1 -> PizzariaBackendController.TPizzariaController - 200 OK [dmvcframework]
2019-08-15 12:15:17:237  [TID       1856][INFO    ] GET:/GETpedido/1 -> PizzariaBackendController.TPizzariaController - 200 OK [dmvcframework]
2019-08-15 12:15:17:398  [TID       7824][INFO    ] GET:/GETpedido/1 -> PizzariaBackendController.TPizzariaController - 200 OK [dmvcframework]
2019-08-15 12:15:17:541  [TID       3516][INFO    ] GET:/GETpedido/1 -> PizzariaBackendController.TPizzariaController - 200 OK [dmvcframework]
2019-08-15 12:15:17:702  [TID       6192][INFO    ] GET:/GETpedido/1 -> PizzariaBackendController.TPizzariaController - 200 OK [dmvcframework]
2019-08-15 12:15:17:848  [TID       6392][INFO    ] GET:/GETpedido/1 -> PizzariaBackendController.TPizzariaController - 200 OK [dmvcframework]
2019-08-15 12:15:18:008  [TID       3220][INFO    ] GET:/GETpedido/1 -> PizzariaBackendController.TPizzariaController - 200 OK [dmvcframework]
2019-08-15 12:15:18:168  [TID       5888][INFO    ] GET:/GETpedido/1 -> PizzariaBackendController.TPizzariaController - 200 OK [dmvcframework]
2019-08-15 12:15:18:631  [TID       7488][INFO    ] GET:/GETpedido/1 -> PizzariaBackendController.TPizzariaController - 200 OK [dmvcframework]
2019-08-15 12:15:18:775  [TID       4432][INFO    ] GET:/GETpedido/1 -> PizzariaBackendController.TPizzariaController - 200 OK [dmvcframework]
2019-08-15 12:15:18:935  [TID       5536][INFO    ] GET:/GETpedido/1 -> PizzariaBackendController.TPizzariaController - 200 OK [dmvcframework]
2019-08-15 12:15:19:080  [TID       7308][INFO    ] GET:/GETpedido/1 -> PizzariaBackendController.TPizzariaController - 200 OK [dmvcframework]
2019-08-15 12:15:19:241  [TID       7372][INFO    ] GET:/GETpedido/1 -> PizzariaBackendController.TPizzariaController - 200 OK [dmvcframework]
2019-08-15 12:15:19:386  [TID       1620][INFO    ] GET:/GETpedido/1 -> PizzariaBackendController.TPizzariaController - 200 OK [dmvcframework]
2019-08-15 12:15:19:546  [TID       7052][INFO    ] GET:/GETpedido/1 -> PizzariaBackendController.TPizzariaController - 200 OK [dmvcframework]
2019-08-15 12:15:19:706  [TID       5040][INFO    ] GET:/GETpedido/1 -> PizzariaBackendController.TPizzariaController - 200 OK [dmvcframework]
2019-08-15 12:16:11:547  [TID       2888][INFO    ] Default Logger initialized [dmvcframework]
2019-08-15 12:16:11:547  [TID       2888][INFO    ] Server started on port 8080 [dmvcframework]
2019-08-15 12:16:13:603  [TID       7340][INFO    ] ENTER: Config default values [dmvcframework]
2019-08-15 12:16:13:603  [TID       7340][INFO    ] EXIT: Config default values [dmvcframework]
2019-08-15 12:16:13:603  [TID       7340][INFO    ] >> Custom configuration method [dmvcframework]
2019-08-15 12:16:13:603  [TID       7340][INFO    ] << Custom configuration method [dmvcframework]
2019-08-15 12:16:13:603  [TID       7340][INFO    ] ENTER: LoadSystemControllers [dmvcframework]
2019-08-15 12:16:13:603  [TID       7340][INFO    ] EXIT: LoadSystemControllers [dmvcframework]
2019-08-15 12:16:13:607  [TID       7340][INFO    ] GET:/GETpedido/1 -> PizzariaBackendController.TPizzariaController - 200 OK [dmvcframework]
2019-08-15 12:16:14:953  [TID       7440][INFO    ] GET:/GETpedido/1 -> PizzariaBackendController.TPizzariaController - 200 OK [dmvcframework]
2019-08-15 12:16:15:209  [TID       5296][INFO    ] GET:/GETpedido/1 -> PizzariaBackendController.TPizzariaController - 200 OK [dmvcframework]
2019-08-15 12:16:15:353  [TID       7144][INFO    ] GET:/GETpedido/1 -> PizzariaBackendController.TPizzariaController - 200 OK [dmvcframework]
2019-08-15 12:17:09:728  [TID       6768][INFO    ] Default Logger initialized [dmvcframework]
2019-08-15 12:17:09:728  [TID       6768][INFO    ] Server started on port 8080 [dmvcframework]
2019-08-15 12:17:12:286  [TID       6392][INFO    ] ENTER: Config default values [dmvcframework]
2019-08-15 12:17:12:286  [TID       6392][INFO    ] EXIT: Config default values [dmvcframework]
2019-08-15 12:17:12:286  [TID       6392][INFO    ] >> Custom configuration method [dmvcframework]
2019-08-15 12:17:12:286  [TID       6392][INFO    ] << Custom configuration method [dmvcframework]
2019-08-15 12:17:12:287  [TID       6392][INFO    ] ENTER: LoadSystemControllers [dmvcframework]
2019-08-15 12:17:12:288  [TID       6392][INFO    ] EXIT: LoadSystemControllers [dmvcframework]
2019-08-15 12:17:12:296  [TID       6392][INFO    ] GET:/GETpedido/1 -> PizzariaBackendController.TPizzariaController - 200 OK [dmvcframework]
2019-08-15 12:17:52:236  [TID       7372][INFO    ] GET:/GETpedido/1 -> PizzariaBackendController.TPizzariaController - 200 OK [dmvcframework]
2019-08-15 12:27:01:829  [TID       7412][ERROR   ] [Exception] O número do documento do cliente é obrigatório. (Custom message: "Global Action Exception Handler") [dmvcframework]
2019-08-15 12:27:01:905  [TID       7412][INFO    ] GET:/GETpedido/ -> PizzariaBackendController.TPizzariaController - 500 Internal Server Error [dmvcframework]
2019-08-15 12:27:32:586  [TID       4312][INFO    ] GET:/GETpedido/1 -> PizzariaBackendController.TPizzariaController - 200 OK [dmvcframework]
2019-08-15 12:28:14:327  [TID       3160][INFO    ] GET:/GETpedido/1 -> PizzariaBackendController.TPizzariaController - 200 OK [dmvcframework]
2019-08-15 12:28:25:811  [TID        468][INFO    ] POST:/efetuarpedido -> PizzariaBackendController.TPizzariaController - 200 OK [dmvcframework]
2019-08-15 12:28:29:982  [TID       3124][INFO    ] GET:/GETpedido/11122244407 -> PizzariaBackendController.TPizzariaController - 200 OK [dmvcframework]
2019-08-15 12:29:04:598  [TID       6056][INFO    ] GET:/GETpedido/1 -> PizzariaBackendController.TPizzariaController - 200 OK [dmvcframework]
2019-08-15 15:57:11:103  [TID       1176][INFO    ] Default Logger initialized [dmvcframework]
2019-08-15 15:57:11:112  [TID       1176][INFO    ] Server started on port 8080 [dmvcframework]
2019-08-15 15:57:19:097  [TID       7380][INFO    ] Default Logger initialized [dmvcframework]
2019-08-15 15:57:19:097  [TID       7380][INFO    ] Server started on port 8080 [dmvcframework]
2019-08-15 15:57:35:923  [TID       1236][INFO    ] ENTER: Config default values [dmvcframework]
2019-08-15 15:57:35:923  [TID       1236][INFO    ] EXIT: Config default values [dmvcframework]
2019-08-15 15:57:35:923  [TID       1236][INFO    ] >> Custom configuration method [dmvcframework]
2019-08-15 15:57:35:923  [TID       1236][INFO    ] << Custom configuration method [dmvcframework]
2019-08-15 15:57:35:924  [TID       1236][INFO    ] ENTER: LoadSystemControllers [dmvcframework]
2019-08-15 15:57:35:924  [TID       1236][INFO    ] EXIT: LoadSystemControllers [dmvcframework]
2019-08-15 15:57:35:928  [TID       1236][INFO    ] GET:/GETpedido/1 -> PizzariaBackendController.TPizzariaController - 200 OK [dmvcframework]
2019-08-15 15:57:46:303  [TID        496][INFO    ] POST:/efetuarpedido -> PizzariaBackendController.TPizzariaController - 200 OK [dmvcframework]
2019-08-15 15:57:48:869  [TID       4896][INFO    ] GET:/GETpedido/5 -> PizzariaBackendController.TPizzariaController - 200 OK [dmvcframework]
2019-08-15 15:57:51:506  [TID       4652][INFO    ] GET:/GETpedido/5 -> PizzariaBackendController.TPizzariaController - 200 OK [dmvcframework]
2019-08-15 15:57:51:842  [TID       1256][INFO    ] GET:/GETpedido/5 -> PizzariaBackendController.TPizzariaController - 200 OK [dmvcframework]
2019-08-15 15:57:52:002  [TID       6364][INFO    ] GET:/GETpedido/5 -> PizzariaBackendController.TPizzariaController - 200 OK [dmvcframework]
2019-08-15 15:57:52:164  [TID       3220][INFO    ] GET:/GETpedido/5 -> PizzariaBackendController.TPizzariaController - 200 OK [dmvcframework]
2019-08-15 15:57:52:292  [TID       5516][INFO    ] GET:/GETpedido/5 -> PizzariaBackendController.TPizzariaController - 200 OK [dmvcframework]
2019-08-15 15:57:53:606  [TID       6196][INFO    ] GET:/GETpedido/1 -> PizzariaBackendController.TPizzariaController - 200 OK [dmvcframework]
2019-08-15 15:57:54:968  [TID       3144][ERROR   ] [Exception] Não foi encontrado pedido para o documento informado. (Custom message: "Global Action Exception Handler") [dmvcframework]
2019-08-15 15:57:54:968  [TID       3144][INFO    ] GET:/GETpedido/2 -> PizzariaBackendController.TPizzariaController - 500 Internal Server Error [dmvcframework]
2019-08-15 15:57:58:253  [TID       3008][ERROR   ] [Exception] Não foi encontrado pedido para o documento informado. (Custom message: "Global Action Exception Handler") [dmvcframework]
2019-08-15 15:57:58:253  [TID       3008][INFO    ] GET:/GETpedido/4 -> PizzariaBackendController.TPizzariaController - 500 Internal Server Error [dmvcframework]
2019-08-15 15:58:01:025  [TID       2736][INFO    ] GET:/GETpedido/3 -> PizzariaBackendController.TPizzariaController - 200 OK [dmvcframework]
2019-08-15 15:58:04:949  [TID       5200][INFO    ] GET:/GETpedido/5 -> PizzariaBackendController.TPizzariaController - 200 OK [dmvcframework]
2019-08-15 16:01:47:302  [TID       6100][INFO    ] Default Logger initialized [dmvcframework]
2019-08-15 16:01:47:310  [TID       6100][INFO    ] Server started on port 8080 [dmvcframework]
2019-08-15 16:02:19:348  [TID       6568][INFO    ] Default Logger initialized [dmvcframework]
2019-08-15 16:02:19:348  [TID       6568][INFO    ] Server started on port 8080 [dmvcframework]
